Determining if the pthread_create exist failed with the following output:
Change Dir: /home/saxtonlab/V2X-Hub/src/tmx/CMakeFiles/CMakeTmp

Run Build Command:"/usr/bin/make" "cmTC_71da6/fast"
/usr/bin/make -f CMakeFiles/cmTC_71da6.dir/build.make CMakeFiles/cmTC_71da6.dir/build
make[1]: Entering directory '/home/saxtonlab/V2X-Hub/src/tmx/CMakeFiles/CMakeTmp'
Building C object CMakeFiles/cmTC_71da6.dir/CheckSymbolExists.c.o
/usr/bin/cc    -o CMakeFiles/cmTC_71da6.dir/CheckSymbolExists.c.o   -c /home/saxtonlab/V2X-Hub/src/tmx/CMakeFiles/CMakeTmp/CheckSymbolExists.c
Linking C executable cmTC_71da6
/usr/bin/cmake -E cmake_link_script CMakeFiles/cmTC_71da6.dir/link.txt --verbose=1
/usr/bin/cc      CMakeFiles/cmTC_71da6.dir/CheckSymbolExists.c.o  -o cmTC_71da6 
CMakeFiles/cmTC_71da6.dir/CheckSymbolExists.c.o: In function `main':
CheckSymbolExists.c:(.text+0x1b): undefined reference to `pthread_create'
collect2: error: ld returned 1 exit status
CMakeFiles/cmTC_71da6.dir/build.make:97: recipe for target 'cmTC_71da6' failed
make[1]: *** [cmTC_71da6] Error 1
make[1]: Leaving directory '/home/saxtonlab/V2X-Hub/src/tmx/CMakeFiles/CMakeTmp'
Makefile:126: recipe for target 'cmTC_71da6/fast' failed
make: *** [cmTC_71da6/fast] Error 2

File /home/saxtonlab/V2X-Hub/src/tmx/CMakeFiles/CMakeTmp/CheckSymbolExists.c:
/* */
#include <pthread.h>

int main(int argc, char** argv)
{
  (void)argv;
#ifndef pthread_create
  return ((int*)(&pthread_create))[argc];
#else
  (void)argc;
  return 0;
#endif
}

Determining if the function pthread_create exists in the pthreads failed with the following output:
Change Dir: /home/saxtonlab/V2X-Hub/src/tmx/CMakeFiles/CMakeTmp

Run Build Command:"/usr/bin/make" "cmTC_ddb45/fast"
/usr/bin/make -f CMakeFiles/cmTC_ddb45.dir/build.make CMakeFiles/cmTC_ddb45.dir/build
make[1]: Entering directory '/home/saxtonlab/V2X-Hub/src/tmx/CMakeFiles/CMakeTmp'
Building C object CMakeFiles/cmTC_ddb45.dir/CheckFunctionExists.c.o
/usr/bin/cc   -DCHECK_FUNCTION_EXISTS=pthread_create   -o CMakeFiles/cmTC_ddb45.dir/CheckFunctionExists.c.o   -c /usr/share/cmake-3.10/Modules/CheckFunctionExists.c
Linking C executable cmTC_ddb45
/usr/bin/cmake -E cmake_link_script CMakeFiles/cmTC_ddb45.dir/link.txt --verbose=1
/usr/bin/cc  -DCHECK_FUNCTION_EXISTS=pthread_create    CMakeFiles/cmTC_ddb45.dir/CheckFunctionExists.c.o  -o cmTC_ddb45 -lpthreads 
/usr/bin/ld: cannot find -lpthreads
collect2: error: ld returned 1 exit status
CMakeFiles/cmTC_ddb45.dir/build.make:97: recipe for target 'cmTC_ddb45' failed
make[1]: *** [cmTC_ddb45] Error 1
make[1]: Leaving directory '/home/saxtonlab/V2X-Hub/src/tmx/CMakeFiles/CMakeTmp'
Makefile:126: recipe for target 'cmTC_ddb45/fast' failed
make: *** [cmTC_ddb45/fast] Error 2


Determining if the pthread_create exist failed with the following output:
Change Dir: /home/saxtonlab/V2X-Hub/src/tmx/CMakeFiles/CMakeTmp

Run Build Command:"/usr/bin/make" "cmTC_5c61a/fast"
/usr/bin/make -f CMakeFiles/cmTC_5c61a.dir/build.make CMakeFiles/cmTC_5c61a.dir/build
make[1]: Entering directory '/home/saxtonlab/V2X-Hub/src/tmx/CMakeFiles/CMakeTmp'
Building C object CMakeFiles/cmTC_5c61a.dir/CheckSymbolExists.c.o
/usr/bin/cc    -o CMakeFiles/cmTC_5c61a.dir/CheckSymbolExists.c.o   -c /home/saxtonlab/V2X-Hub/src/tmx/CMakeFiles/CMakeTmp/CheckSymbolExists.c
Linking C executable cmTC_5c61a
/usr/bin/cmake -E cmake_link_script CMakeFiles/cmTC_5c61a.dir/link.txt --verbose=1
/usr/bin/cc      CMakeFiles/cmTC_5c61a.dir/CheckSymbolExists.c.o  -o cmTC_5c61a 
CMakeFiles/cmTC_5c61a.dir/CheckSymbolExists.c.o: In function `main':
CheckSymbolExists.c:(.text+0x1b): undefined reference to `pthread_create'
collect2: error: ld returned 1 exit status
CMakeFiles/cmTC_5c61a.dir/build.make:97: recipe for target 'cmTC_5c61a' failed
make[1]: *** [cmTC_5c61a] Error 1
make[1]: Leaving directory '/home/saxtonlab/V2X-Hub/src/tmx/CMakeFiles/CMakeTmp'
Makefile:126: recipe for target 'cmTC_5c61a/fast' failed
make: *** [cmTC_5c61a/fast] Error 2

File /home/saxtonlab/V2X-Hub/src/tmx/CMakeFiles/CMakeTmp/CheckSymbolExists.c:
/* */
#include <pthread.h>

int main(int argc, char** argv)
{
  (void)argv;
#ifndef pthread_create
  return ((int*)(&pthread_create))[argc];
#else
  (void)argc;
  return 0;
#endif
}

Determining if the function pthread_create exists in the pthreads failed with the following output:
Change Dir: /home/saxtonlab/V2X-Hub/src/tmx/CMakeFiles/CMakeTmp

Run Build Command:"/usr/bin/make" "cmTC_a2a39/fast"
/usr/bin/make -f CMakeFiles/cmTC_a2a39.dir/build.make CMakeFiles/cmTC_a2a39.dir/build
make[1]: Entering directory '/home/saxtonlab/V2X-Hub/src/tmx/CMakeFiles/CMakeTmp'
Building C object CMakeFiles/cmTC_a2a39.dir/CheckFunctionExists.c.o
/usr/bin/cc   -DCHECK_FUNCTION_EXISTS=pthread_create   -o CMakeFiles/cmTC_a2a39.dir/CheckFunctionExists.c.o   -c /usr/share/cmake-3.10/Modules/CheckFunctionExists.c
Linking C executable cmTC_a2a39
/usr/bin/cmake -E cmake_link_script CMakeFiles/cmTC_a2a39.dir/link.txt --verbose=1
/usr/bin/cc  -DCHECK_FUNCTION_EXISTS=pthread_create    CMakeFiles/cmTC_a2a39.dir/CheckFunctionExists.c.o  -o cmTC_a2a39 -lpthreads 
/usr/bin/ld: cannot find -lpthreads
collect2: error: ld returned 1 exit status
CMakeFiles/cmTC_a2a39.dir/build.make:97: recipe for target 'cmTC_a2a39' failed
make[1]: *** [cmTC_a2a39] Error 1
make[1]: Leaving directory '/home/saxtonlab/V2X-Hub/src/tmx/CMakeFiles/CMakeTmp'
Makefile:126: recipe for target 'cmTC_a2a39/fast' failed
make: *** [cmTC_a2a39/fast] Error 2


