Determining if the pthread_create exist failed with the following output:
Change Dir: /home/saxtonlab/V2X-Hub/src/v2i-hub/CMakeFiles/CMakeTmp

Run Build Command:"/usr/bin/make" "cmTC_9a7ec/fast"
/usr/bin/make -f CMakeFiles/cmTC_9a7ec.dir/build.make CMakeFiles/cmTC_9a7ec.dir/build
make[1]: Entering directory '/home/saxtonlab/V2X-Hub/src/v2i-hub/CMakeFiles/CMakeTmp'
Building C object CMakeFiles/cmTC_9a7ec.dir/CheckSymbolExists.c.o
/usr/bin/cc    -o CMakeFiles/cmTC_9a7ec.dir/CheckSymbolExists.c.o   -c /home/saxtonlab/V2X-Hub/src/v2i-hub/CMakeFiles/CMakeTmp/CheckSymbolExists.c
Linking C executable cmTC_9a7ec
/usr/bin/cmake -E cmake_link_script CMakeFiles/cmTC_9a7ec.dir/link.txt --verbose=1
/usr/bin/cc      CMakeFiles/cmTC_9a7ec.dir/CheckSymbolExists.c.o  -o cmTC_9a7ec 
CMakeFiles/cmTC_9a7ec.dir/CheckSymbolExists.c.o: In function `main':
CheckSymbolExists.c:(.text+0x1b): undefined reference to `pthread_create'
collect2: error: ld returned 1 exit status
CMakeFiles/cmTC_9a7ec.dir/build.make:97: recipe for target 'cmTC_9a7ec' failed
make[1]: *** [cmTC_9a7ec] Error 1
make[1]: Leaving directory '/home/saxtonlab/V2X-Hub/src/v2i-hub/CMakeFiles/CMakeTmp'
Makefile:126: recipe for target 'cmTC_9a7ec/fast' failed
make: *** [cmTC_9a7ec/fast] Error 2

File /home/saxtonlab/V2X-Hub/src/v2i-hub/CMakeFiles/CMakeTmp/CheckSymbolExists.c:
/* */
#include <pthread.h>

int main(int argc, char** argv)
{
  (void)argv;
#ifndef pthread_create
  return ((int*)(&pthread_create))[argc];
#else
  (void)argc;
  return 0;
#endif
}

Determining if the function pthread_create exists in the pthreads failed with the following output:
Change Dir: /home/saxtonlab/V2X-Hub/src/v2i-hub/CMakeFiles/CMakeTmp

Run Build Command:"/usr/bin/make" "cmTC_26b24/fast"
/usr/bin/make -f CMakeFiles/cmTC_26b24.dir/build.make CMakeFiles/cmTC_26b24.dir/build
make[1]: Entering directory '/home/saxtonlab/V2X-Hub/src/v2i-hub/CMakeFiles/CMakeTmp'
Building C object CMakeFiles/cmTC_26b24.dir/CheckFunctionExists.c.o
/usr/bin/cc   -DCHECK_FUNCTION_EXISTS=pthread_create   -o CMakeFiles/cmTC_26b24.dir/CheckFunctionExists.c.o   -c /usr/share/cmake-3.10/Modules/CheckFunctionExists.c
Linking C executable cmTC_26b24
/usr/bin/cmake -E cmake_link_script CMakeFiles/cmTC_26b24.dir/link.txt --verbose=1
/usr/bin/cc  -DCHECK_FUNCTION_EXISTS=pthread_create    CMakeFiles/cmTC_26b24.dir/CheckFunctionExists.c.o  -o cmTC_26b24 -lpthreads 
/usr/bin/ld: cannot find -lpthreads
collect2: error: ld returned 1 exit status
CMakeFiles/cmTC_26b24.dir/build.make:97: recipe for target 'cmTC_26b24' failed
make[1]: *** [cmTC_26b24] Error 1
make[1]: Leaving directory '/home/saxtonlab/V2X-Hub/src/v2i-hub/CMakeFiles/CMakeTmp'
Makefile:126: recipe for target 'cmTC_26b24/fast' failed
make: *** [cmTC_26b24/fast] Error 2


Determining if the pthread_create exist failed with the following output:
Change Dir: /home/saxtonlab/V2X-Hub/src/v2i-hub/CMakeFiles/CMakeTmp

Run Build Command:"/usr/bin/make" "cmTC_a30f7/fast"
/usr/bin/make -f CMakeFiles/cmTC_a30f7.dir/build.make CMakeFiles/cmTC_a30f7.dir/build
make[1]: Entering directory '/home/saxtonlab/V2X-Hub/src/v2i-hub/CMakeFiles/CMakeTmp'
Building C object CMakeFiles/cmTC_a30f7.dir/CheckSymbolExists.c.o
/usr/bin/cc    -o CMakeFiles/cmTC_a30f7.dir/CheckSymbolExists.c.o   -c /home/saxtonlab/V2X-Hub/src/v2i-hub/CMakeFiles/CMakeTmp/CheckSymbolExists.c
Linking C executable cmTC_a30f7
/usr/bin/cmake -E cmake_link_script CMakeFiles/cmTC_a30f7.dir/link.txt --verbose=1
/usr/bin/cc      CMakeFiles/cmTC_a30f7.dir/CheckSymbolExists.c.o  -o cmTC_a30f7 
CMakeFiles/cmTC_a30f7.dir/CheckSymbolExists.c.o: In function `main':
CheckSymbolExists.c:(.text+0x1b): undefined reference to `pthread_create'
collect2: error: ld returned 1 exit status
CMakeFiles/cmTC_a30f7.dir/build.make:97: recipe for target 'cmTC_a30f7' failed
make[1]: *** [cmTC_a30f7] Error 1
make[1]: Leaving directory '/home/saxtonlab/V2X-Hub/src/v2i-hub/CMakeFiles/CMakeTmp'
Makefile:126: recipe for target 'cmTC_a30f7/fast' failed
make: *** [cmTC_a30f7/fast] Error 2

File /home/saxtonlab/V2X-Hub/src/v2i-hub/CMakeFiles/CMakeTmp/CheckSymbolExists.c:
/* */
#include <pthread.h>

int main(int argc, char** argv)
{
  (void)argv;
#ifndef pthread_create
  return ((int*)(&pthread_create))[argc];
#else
  (void)argc;
  return 0;
#endif
}

Determining if the function pthread_create exists in the pthreads failed with the following output:
Change Dir: /home/saxtonlab/V2X-Hub/src/v2i-hub/CMakeFiles/CMakeTmp

Run Build Command:"/usr/bin/make" "cmTC_5ae70/fast"
/usr/bin/make -f CMakeFiles/cmTC_5ae70.dir/build.make CMakeFiles/cmTC_5ae70.dir/build
make[1]: Entering directory '/home/saxtonlab/V2X-Hub/src/v2i-hub/CMakeFiles/CMakeTmp'
Building C object CMakeFiles/cmTC_5ae70.dir/CheckFunctionExists.c.o
/usr/bin/cc   -DCHECK_FUNCTION_EXISTS=pthread_create   -o CMakeFiles/cmTC_5ae70.dir/CheckFunctionExists.c.o   -c /usr/share/cmake-3.10/Modules/CheckFunctionExists.c
Linking C executable cmTC_5ae70
/usr/bin/cmake -E cmake_link_script CMakeFiles/cmTC_5ae70.dir/link.txt --verbose=1
/usr/bin/cc  -DCHECK_FUNCTION_EXISTS=pthread_create    CMakeFiles/cmTC_5ae70.dir/CheckFunctionExists.c.o  -o cmTC_5ae70 -lpthreads 
/usr/bin/ld: cannot find -lpthreads
collect2: error: ld returned 1 exit status
CMakeFiles/cmTC_5ae70.dir/build.make:97: recipe for target 'cmTC_5ae70' failed
make[1]: *** [cmTC_5ae70] Error 1
make[1]: Leaving directory '/home/saxtonlab/V2X-Hub/src/v2i-hub/CMakeFiles/CMakeTmp'
Makefile:126: recipe for target 'cmTC_5ae70/fast' failed
make: *** [cmTC_5ae70/fast] Error 2


